Der Buildvorgang wurde am 03.06.2016 13:42:35 gestartet.
     1>Projekt "C:\git\iso-8583\org\demo\demo.vcxproj" auf Knoten "2", build Ziel(e).
     1>InitializeBuildStatus:
         ".\Debug\demo.unsuccessfulbuild" wird erstellt, da "AlwaysCreate" angegeben wurde.
       ClCompile:
         c:\Program Files (x86)\Microsoft Visual Studio 10.0\VC\bin\CL.exe /c /I../dl_c_common_v0_0_2 /I../dl_c_iso8583_v0_0_3 /I../ /ZI /nologo /W3 /WX- /Od /Oy- /D WIN32 /D _DEBUG /D _CONSOLE /D DEBUG /D _VC80_UPGRADE=0x0600 /D _MBCS /Gm /EHsc /RTC1 /MTd /GS /Gy- /fp:precise /Zc:wchar_t /Zc:forScope /Fo".\Debug\\" /Fd".\Debug\vc100.pdb" /Gd /TC /analyze- /errorReport:prompt ..\demo.c ..\dl_c_iso8583_v0_0_3\dl_iso8583.c ..\dl_c_iso8583_v0_0_3\dl_iso8583_common.c ..\dl_c_iso8583_v0_0_3\dl_iso8583_defs_1993.c ..\dl_c_iso8583_v0_0_3\dl_iso8583_fields.c ..\dl_c_common_v0_0_2\dl_mem.c ..\dl_c_common_v0_0_2\dl_output.c ..\dl_c_common_v0_0_2\dl_str.c
         dl_str.c
     1>c:\git\iso-8583\org\dl_c_common_v0_0_2\dl_str.c(48): warning C4996: 'getenv': This function or variable may be unsafe. Consider using _dupenv_s instead. To disable deprecation, use _CRT_SECURE_NO_WARNINGS. See online help for details.
                 c:\program files (x86)\microsoft visual studio 10.0\vc\include\stdlib.h(433): Siehe Deklaration von 'getenv'
     1>c:\git\iso-8583\org\dl_c_common_v0_0_2\dl_str.c(132): warning C4013: 'toupper' undefiniert; Annahme: extern mit Rückgabetyp int
     1>c:\git\iso-8583\org\dl_c_common_v0_0_2\dl_str.c(174): warning C4996: 'strcpy': This function or variable may be unsafe. Consider using strcpy_s instead. To disable deprecation, use _CRT_SECURE_NO_WARNINGS. See online help for details.
                 c:\program files (x86)\microsoft visual studio 10.0\vc\include\string.h(105): Siehe Deklaration von 'strcpy'
         dl_output.c
         dl_mem.c
         dl_iso8583_fields.c
         dl_iso8583_defs_1993.c
         dl_iso8583_common.c
         dl_iso8583.c
         demo.c
         Code wird generiert...
       ManifestResourceCompile:
         C:\Program Files (x86)\Microsoft SDKs\Windows\v7.0A\bin\rc.exe /nologo /fo".\Debug\demo.exe.embed.manifest.res" .\Debug\demo_manifest.rc 
       Link:
         c:\Program Files (x86)\Microsoft Visual Studio 10.0\VC\bin\link.exe /ERRORREPORT:PROMPT /OUT:".\Debug\demo.exe" /INCREMENTAL /NOLOGO odbc32.lib odbccp32.lib kernel32.lib user32.lib gdi32.lib winspool.lib comdlg32.lib advapi32.lib shell32.lib ole32.lib oleaut32.lib uuid.lib odbc32.lib odbccp32.lib /MANIFEST /ManifestFile:".\Debug\demo.exe.intermediate.manifest" /MANIFESTUAC:"level='asInvoker' uiAccess='false'" /DEBUG /PDB:"C:\git\iso-8583\org\demo\Debug\demo.pdb" /SUBSYSTEM:CONSOLE /TLBID:1 /DYNAMICBASE /NXCOMPAT /IMPLIB:".\Debug\demo.lib" /MACHINE:X86 .\Debug\demo.exe.embed.manifest.res
         .\Debug\demo.obj
         .\Debug\dl_iso8583.obj
         .\Debug\dl_iso8583_common.obj
         .\Debug\dl_iso8583_defs_1993.obj
         .\Debug\dl_iso8583_fields.obj
         .\Debug\dl_mem.obj
         .\Debug\dl_output.obj
         .\Debug\dl_str.obj
       Manifest:
         C:\Program Files (x86)\Microsoft SDKs\Windows\v7.0A\bin\mt.exe /nologo /verbose /out:".\Debug\demo.exe.embed.manifest" /manifest .\Debug\demo.exe.intermediate.manifest
         C:\Program Files (x86)\Microsoft SDKs\Windows\v7.0A\bin\rc.exe /nologo /fo".\Debug\demo.exe.embed.manifest.res" .\Debug\demo_manifest.rc 
       LinkEmbedManifest:
         c:\Program Files (x86)\Microsoft Visual Studio 10.0\VC\bin\link.exe /ERRORREPORT:PROMPT /OUT:".\Debug\demo.exe" /INCREMENTAL /NOLOGO odbc32.lib odbccp32.lib kernel32.lib user32.lib gdi32.lib winspool.lib comdlg32.lib advapi32.lib shell32.lib ole32.lib oleaut32.lib uuid.lib odbc32.lib odbccp32.lib /MANIFEST /ManifestFile:".\Debug\demo.exe.intermediate.manifest" /MANIFESTUAC:"level='asInvoker' uiAccess='false'" /DEBUG /PDB:"C:\git\iso-8583\org\demo\Debug\demo.pdb" /SUBSYSTEM:CONSOLE /TLBID:1 /DYNAMICBASE /NXCOMPAT /IMPLIB:".\Debug\demo.lib" /MACHINE:X86 .\Debug\demo.exe.embed.manifest.res
         .\Debug\demo.obj
         .\Debug\dl_iso8583.obj
         .\Debug\dl_iso8583_common.obj
         .\Debug\dl_iso8583_defs_1993.obj
         .\Debug\dl_iso8583_fields.obj
         .\Debug\dl_mem.obj
         .\Debug\dl_output.obj
         .\Debug\dl_str.obj
         demo.vcxproj -> C:\git\iso-8583\org\demo\.\Debug\demo.exe
       FinalizeBuildStatus:
         Die Datei ".\Debug\demo.unsuccessfulbuild" wird gelöscht.
         Aktualisieren des Timestamps von ".\Debug\demo.lastbuildstate".
     1>Die Erstellung des Projekts "C:\git\iso-8583\org\demo\demo.vcxproj" ist abgeschlossen, build Ziel(e).

Das Erstellen war erfolgreich.

Verstrichene Zeit 00:00:04.32
